2025-08-25 21:01:29:103 [Appium] Welcome to Appium v2.12.1
2025-08-25 21:01:29:106 [Appium] Non-default server args:
2025-08-25 21:01:29:108 [Appium] { address: '127.0.0.1', allowCors: true, port: 4743, sessionOverride: true }
2025-08-25 21:01:29:108 [Appium] The autodetected Appium home path: C:\Users\zorem\.appium
2025-08-25 21:01:29:108 [Appium] Attempting to load driver uiautomator2...
2025-08-25 21:01:29:111 [Appium] Requiring driver at C:\Users\zorem\.appium\node_modules\appium-uiautomator2-driver\build\index.js
2025-08-25 21:01:30:083 [Appium] AndroidUiautomator2Driver has been successfully loaded in 0.974s
2025-08-25 21:01:30:107 [Appium] You have enabled CORS requests from any host. Be careful not to visit sites which could maliciously try to start Appium sessions on your machine
2025-08-25 21:01:30:111 [Appium] Appium REST http interface listener started on http://127.0.0.1:4743
2025-08-25 21:01:30:111 [Appium] Available drivers:
2025-08-25 21:01:30:112 [Appium]   - uiautomator2@2.34.1 (automationName 'UiAutomator2')
2025-08-25 21:01:30:112 [Appium] No plugins have been installed. Use the "appium plugin" command to install the one(s) you want to use.
2025-08-25 21:01:30:250 [HTTP] --> HEAD /status {}
2025-08-25 21:01:30:251 [AppiumDriver@2722] Calling AppiumDriver.getStatus() with args: []
2025-08-25 21:01:30:253 [AppiumDriver@2722] Responding to client with driver.getStatus() result: {"ready":true,"message":"The server is ready to accept new connections","build":{"version":"2.12.1"}}
2025-08-25 21:01:30:257 [HTTP] <-- HEAD /status 200 6 ms - 111 
2025-08-25 21:01:30:260 [HTTP] --> GET /status {}
2025-08-25 21:01:30:260 [AppiumDriver@2722] Calling AppiumDriver.getStatus() with args: []
2025-08-25 21:01:30:261 [AppiumDriver@2722] Responding to client with driver.getStatus() result: {"ready":true,"message":"The server is ready to accept new connections","build":{"version":"2.12.1"}}
2025-08-25 21:01:30:262 [HTTP] <-- GET /status 200 2 ms - 111 
2025-08-25 21:03:31:986 [Appium] Received SIGINT - shutting down
