2025-08-25 21:01:32:673 [Appium] Welcome to Appium v2.12.1
2025-08-25 21:01:32:676 [Appium] Non-default server args:
2025-08-25 21:01:32:678 [Appium] { address: '127.0.0.1', allowCors: true, port: 4753, sessionOverride: true }
2025-08-25 21:01:32:678 [Appium] The autodetected Appium home path: C:\Users\zorem\.appium
2025-08-25 21:01:32:679 [Appium] Attempting to load driver uiautomator2...
2025-08-25 21:01:32:681 [Appium] Requiring driver at C:\Users\zorem\.appium\node_modules\appium-uiautomator2-driver\build\index.js
2025-08-25 21:01:33:637 [Appium] AndroidUiautomator2Driver has been successfully loaded in 0.957s
2025-08-25 21:01:33:660 [Appium] You have enabled CORS requests from any host. Be careful not to visit sites which could maliciously try to start Appium sessions on your machine
2025-08-25 21:01:33:665 [Appium] Appium REST http interface listener started on http://127.0.0.1:4753
2025-08-25 21:01:33:665 [Appium] Available drivers:
2025-08-25 21:01:33:665 [Appium]   - uiautomator2@2.34.1 (automationName 'UiAutomator2')
2025-08-25 21:01:33:666 [Appium] No plugins have been installed. Use the "appium plugin" command to install the one(s) you want to use.
2025-08-25 21:01:33:858 [HTTP] --> HEAD /status {}
2025-08-25 21:01:33:860 [AppiumDriver@7080] Calling AppiumDriver.getStatus() with args: []
2025-08-25 21:01:33:861 [AppiumDriver@7080] Responding to client with driver.getStatus() result: {"ready":true,"message":"The server is ready to accept new connections","build":{"version":"2.12.1"}}
2025-08-25 21:01:33:866 [HTTP] <-- HEAD /status 200 6 ms - 111 
2025-08-25 21:01:33:869 [HTTP] --> GET /status {}
2025-08-25 21:01:33:870 [AppiumDriver@7080] Calling AppiumDriver.getStatus() with args: []
2025-08-25 21:01:33:870 [AppiumDriver@7080] Responding to client with driver.getStatus() result: {"ready":true,"message":"The server is ready to accept new connections","build":{"version":"2.12.1"}}
2025-08-25 21:01:33:872 [HTTP] <-- GET /status 200 2 ms - 111 
2025-08-25 21:03:31:986 [Appium] Received SIGINT - shutting down
