2025-08-25 21:01:25:456 [Appium] Welcome to Appium v2.12.1
2025-08-25 21:01:25:459 [Appium] Non-default server args:
2025-08-25 21:01:25:461 [Appium] { address: '127.0.0.1', allowCors: true, port: 4733, sessionOverride: true }
2025-08-25 21:01:25:461 [Appium] The autodetected Appium home path: C:\Users\zorem\.appium
2025-08-25 21:01:25:462 [Appium] Attempting to load driver uiautomator2...
2025-08-25 21:01:25:464 [Appium] Requiring driver at C:\Users\zorem\.appium\node_modules\appium-uiautomator2-driver\build\index.js
2025-08-25 21:01:26:401 [Appium] AndroidUiautomator2Driver has been successfully loaded in 0.939s
2025-08-25 21:01:26:424 [Appium] You have enabled CORS requests from any host. Be careful not to visit sites which could maliciously try to start Appium sessions on your machine
2025-08-25 21:01:26:428 [Appium] Appium REST http interface listener started on http://127.0.0.1:4733
2025-08-25 21:01:26:429 [Appium] Available drivers:
2025-08-25 21:01:26:429 [Appium]   - uiautomator2@2.34.1 (automationName 'UiAutomator2')
2025-08-25 21:01:26:429 [Appium] No plugins have been installed. Use the "appium plugin" command to install the one(s) you want to use.
2025-08-25 21:01:26:659 [HTTP] --> HEAD /status {}
2025-08-25 21:01:26:660 [AppiumDriver@1a0a] Calling AppiumDriver.getStatus() with args: []
2025-08-25 21:01:26:662 [AppiumDriver@1a0a] Responding to client with driver.getStatus() result: {"ready":true,"message":"The server is ready to accept new connections","build":{"version":"2.12.1"}}
2025-08-25 21:01:26:666 [HTTP] <-- HEAD /status 200 5 ms - 111 
2025-08-25 21:01:26:685 [HTTP] --> GET /status {}
2025-08-25 21:01:26:685 [AppiumDriver@1a0a] Calling AppiumDriver.getStatus() with args: []
2025-08-25 21:01:26:685 [AppiumDriver@1a0a] Responding to client with driver.getStatus() result: {"ready":true,"message":"The server is ready to accept new connections","build":{"version":"2.12.1"}}
2025-08-25 21:01:26:687 [HTTP] <-- GET /status 200 2 ms - 111 
2025-08-25 21:03:31:987 [Appium] Received SIGINT - shutting down
