2025-08-26 19:30:12:199 [Appium] Welcome to Appium v2.12.1
2025-08-26 19:30:12:202 [Appium] Non-default server args:
2025-08-26 19:30:12:204 [Appium] { address: '127.0.0.1', allowCors: true, sessionOverride: true }
2025-08-26 19:30:12:204 [Appium] The autodetected Appium home path: C:\Users\zorem\.appium
2025-08-26 19:30:12:205 [Appium] Attempting to load driver uiautomator2...
2025-08-26 19:30:12:207 [Appium] Requiring driver at C:\Users\zorem\.appium\node_modules\appium-uiautomator2-driver\build\index.js
2025-08-26 19:30:13:136 [Appium] AndroidUiautomator2Driver has been successfully loaded in 0.931s
2025-08-26 19:30:13:160 [Appium] You have enabled CORS requests from any host. Be careful not to visit sites which could maliciously try to start Appium sessions on your machine
2025-08-26 19:30:13:164 [Appium] Appium REST http interface listener started on http://127.0.0.1:4723
2025-08-26 19:30:13:165 [Appium] Available drivers:
2025-08-26 19:30:13:165 [Appium]   - uiautomator2@2.34.1 (automationName 'UiAutomator2')
2025-08-26 19:30:13:165 [Appium] No plugins have been installed. Use the "appium plugin" command to install the one(s) you want to use.
2025-08-26 19:30:13:401 [HTTP] --> HEAD /status {}
2025-08-26 19:30:13:402 [AppiumDriver@4cf8] Calling AppiumDriver.getStatus() with args: []
2025-08-26 19:30:13:404 [AppiumDriver@4cf8] Responding to client with driver.getStatus() result: {"ready":true,"message":"The server is ready to accept new connections","build":{"version":"2.12.1"}}
2025-08-26 19:30:13:408 [HTTP] <-- HEAD /status 200 6 ms - 111 
2025-08-26 19:30:13:411 [HTTP] --> GET /status {}
2025-08-26 19:30:13:411 [AppiumDriver@4cf8] Calling AppiumDriver.getStatus() with args: []
2025-08-26 19:30:13:412 [AppiumDriver@4cf8] Responding to client with driver.getStatus() result: {"ready":true,"message":"The server is ready to accept new connections","build":{"version":"2.12.1"}}
2025-08-26 19:30:13:413 [HTTP] <-- GET /status 200 2 ms - 111 
2025-08-26 19:30:49:652 [HTTP] Request idempotency key: fa7fffb4-dcb2-4ab6-a71a-80c97f68f7e6
2025-08-26 19:30:49:678 [HTTP] --> POST /session {"capabilities":{"firstMatch":[{}],"alwaysMatch":{"appium:automationName":"UiAutomator2","platformName":"Android","appium:deviceName":"Nexus_5_API_31_Clone1","appium:platformVersion":"12","appium:udid":"emulator-5554","appium:appPackage":"com.instagram.android","appium:appActivity":".activity.MainTabActivity","appium:autoGrantPermissions":true}}}
2025-08-26 19:30:49:679 [AppiumDriver@4cf8] Calling AppiumDriver.createSession() with args: [null,null,{"firstMatch":[{}],"alwaysMatch":{"appium:automationName":"UiAutomator2","platformName":"Android","appium:deviceName":"Nexus_5_API_31_Clone1","appium:platformVersion":"12","appium:udid":"emulator-5554","appium:appPackage":"com.instagram.android","appium:appActivity":".activity.MainTabActivity","appium:autoGrantPermissions":true}}]
2025-08-26 19:30:49:680 [AppiumDriver@4cf8] Event 'newSessionRequested' logged at 1756236649680 (14:30:49 GMT-0500 (hora estándar de Perú))
2025-08-26 19:30:49:687 [Appium] Attempting to find matching driver for automationName 'UiAutomator2' and platformName 'Android'
2025-08-26 19:30:49:687 [Appium] The 'uiautomator2' driver was installed and matched caps.
2025-08-26 19:30:49:688 [Appium] Will require it at C:\Users\zorem\.appium\node_modules\appium-uiautomator2-driver
2025-08-26 19:30:49:690 [Appium] Requiring driver at C:\Users\zorem\.appium\node_modules\appium-uiautomator2-driver\build\index.js
2025-08-26 19:30:49:691 [AppiumDriver@4cf8] Appium v2.12.1 creating new AndroidUiautomator2Driver (v2.34.1) session
2025-08-26 19:30:49:691 [AppiumDriver@4cf8] Checking BaseDriver versions for Appium and AndroidUiautomator2Driver
2025-08-26 19:30:49:691 [AppiumDriver@4cf8] Appium's BaseDriver version is 9.12.1
2025-08-26 19:30:49:691 [AppiumDriver@4cf8] AndroidUiautomator2Driver's BaseDriver version is 9.12.1
2025-08-26 19:30:49:692 [AppiumDriver@4cf8] There are no active sessions for cleanup
2025-08-26 19:30:49:697 [38;5;-157m[AndroidUiautomator2Driver@beb3] 
2025-08-26 19:30:49:698 [38;5;-157m[AndroidUiautomator2Driver@beb3] Creating session with W3C capabilities: {
  "alwaysMatch": {
    "platformName": "Android",
    "appium:automationName": "UiAutomator2",
    "appium:deviceName": "Nexus_5_API_31_Clone1",
    "appium:platformVersion": "12",
    "appium:udid": "emulator-5554",
    "appium:appPackage": "com.instagram.android",
    "appium:appActivity": ".activity.MainTabActivity",
    "appium:autoGrantPermissions": true
  },
  "firstMatch": [
    {}
  ]
}
2025-08-26 19:30:49:709 [d73f22d3][38;5;-157m[AndroidUiautomator2Driver@beb3] Session created with session id: d73f22d3-6aaa-4323-b6fa-a505e3267670
2025-08-26 19:30:49:710 [d73f22d3][38;5;-157m[AndroidUiautomator2Driver@beb3] Starting 'com.instagram.android' directly on the device
2025-08-26 19:30:49:730 [d73f22d3][ADB] Found 2 'build-tools' folders under 'C:\Users\zorem\AppData\Local\Android\Sdk' (newest first):
2025-08-26 19:30:49:730 [d73f22d3][ADB]     C:\Users\zorem\AppData\Local\Android\Sdk\build-tools\33.0.0
2025-08-26 19:30:49:731 [d73f22d3][ADB]     C:\Users\zorem\AppData\Local\Android\Sdk\build-tools\27.0.3
2025-08-26 19:30:49:732 [d73f22d3][ADB] Using 'adb.exe' from 'C:\Users\zorem\AppData\Local\Android\Sdk\platform-tools\adb.exe'
2025-08-26 19:30:49:734 [d73f22d3][ADB] Running 'C:\Users\zorem\AppData\Local\Android\Sdk\platform-tools\adb.exe -P 5037 start-server'
2025-08-26 19:30:49:770 [d73f22d3][AndroidDriver] Retrieving device list
2025-08-26 19:30:49:771 [d73f22d3][ADB] Trying to find connected Android devices
2025-08-26 19:30:49:772 [d73f22d3][ADB] Getting connected devices
2025-08-26 19:30:49:804 [d73f22d3][ADB] Connected devices: [{"udid":"emulator-5554","state":"device"}]
2025-08-26 19:30:49:805 [d73f22d3][AndroidDriver] Using device: emulator-5554
2025-08-26 19:30:49:807 [d73f22d3][ADB] Using 'adb.exe' from 'C:\Users\zorem\AppData\Local\Android\Sdk\platform-tools\adb.exe'
2025-08-26 19:30:49:808 [d73f22d3][ADB] Running 'C:\Users\zorem\AppData\Local\Android\Sdk\platform-tools\adb.exe -P 5037 start-server'
2025-08-26 19:30:49:840 [d73f22d3][ADB] Setting device id to emulator-5554
2025-08-26 19:30:49:841 [d73f22d3][ADB] Running 'C:\Users\zorem\AppData\Local\Android\Sdk\platform-tools\adb.exe -P 5037 -s emulator-5554 shell getprop ro.build.version.sdk'
2025-08-26 19:30:49:971 [d73f22d3][ADB] Current device property 'ro.build.version.sdk': 31
2025-08-26 19:30:49:972 [d73f22d3][ADB] Getting device platform version
2025-08-26 19:30:49:972 [d73f22d3][ADB] Running 'C:\Users\zorem\AppData\Local\Android\Sdk\platform-tools\adb.exe -P 5037 -s emulator-5554 shell getprop ro.build.version.release'
2025-08-26 19:30:50:056 [d73f22d3][ADB] Current device property 'ro.build.version.release': 12
2025-08-26 19:30:50:056 [d73f22d3][ADB] Device API level: 31
2025-08-26 19:30:50:056 [d73f22d3][38;5;-157m[AndroidUiautomator2Driver@beb3] Relaxing hidden api policy
2025-08-26 19:30:50:057 [d73f22d3][ADB] Running 'C:\Users\zorem\AppData\Local\Android\Sdk\platform-tools\adb.exe -P 5037 -s emulator-5554 shell 'settings put global hidden_api_policy_pre_p_apps 1;settings put global hidden_api_policy_p_apps 1;settings put global hidden_api_policy 1''
2025-08-26 19:30:50:532 [d73f22d3][AndroidDriver] No app sent in, not parsing package/activity
2025-08-26 19:30:50:534 [d73f22d3][ADB] Running 'C:\Users\zorem\AppData\Local\Android\Sdk\platform-tools\adb.exe -P 5037 -s emulator-5554 wait-for-device'
2025-08-26 19:30:50:570 [d73f22d3][ADB] Running 'C:\Users\zorem\AppData\Local\Android\Sdk\platform-tools\adb.exe -P 5037 -s emulator-5554 shell echo ping'
2025-08-26 19:30:50:662 [d73f22d3][AndroidDriver] Pushing settings apk to device...
2025-08-26 19:30:50:663 [d73f22d3][ADB] Getting package info for 'io.appium.settings'
2025-08-26 19:30:50:663 [d73f22d3][ADB] Running 'C:\Users\zorem\AppData\Local\Android\Sdk\platform-tools\adb.exe -P 5037 -s emulator-5554 shell dumpsys package io.appium.settings'
2025-08-26 19:30:51:630 [d73f22d3][ADB] The version name of the installed 'io.appium.settings' is greater or equal to the application version name ('5.2.0' >= '5.2.0')
2025-08-26 19:30:51:631 [d73f22d3][ADB] There is no need to install/upgrade 'C:\Users\zorem\.appium\node_modules\appium-uiautomator2-driver\node_modules\io.appium.settings\apks\settings_apk-debug.apk'
2025-08-26 19:30:51:632 [d73f22d3][ADB] Getting IDs of all 'io.appium.settings' processes
2025-08-26 19:30:51:632 [d73f22d3][ADB] Running 'C:\Users\zorem\AppData\Local\Android\Sdk\platform-tools\adb.exe -P 5037 -s emulator-5554 shell 'pgrep --help; echo $?''
2025-08-26 19:30:51:753 [d73f22d3][ADB] Running 'C:\Users\zorem\AppData\Local\Android\Sdk\platform-tools\adb.exe -P 5037 -s emulator-5554 shell pgrep -f \(\[\[:blank:\]\]\|\^\)io\.appium\.settings\(\[\[:blank:\]\]\|\$\)'
2025-08-26 19:30:51:936 [d73f22d3][AndroidDriver] io.appium.settings is already running. There is no need to reset its permissions.
2025-08-26 19:30:51:937 [d73f22d3][Logcat] Starting logs capture with command: C:\\Users\\zorem\\AppData\\Local\\Android\\Sdk\\platform-tools\\adb.exe -P 5037 -s emulator-5554 logcat -v threadtime
2025-08-26 19:30:52:121 [d73f22d3][38;5;-157m[AndroidUiautomator2Driver@beb3] Forwarding UiAutomator2 Server port 6790 to local port 8200
2025-08-26 19:30:52:122 [d73f22d3][ADB] Forwarding system: 8200 to device: 6790
2025-08-26 19:30:52:123 [d73f22d3][ADB] Running 'C:\Users\zorem\AppData\Local\Android\Sdk\platform-tools\adb.exe -P 5037 -s emulator-5554 forward tcp:8200 tcp:6790'
2025-08-26 19:30:52:164 [d73f22d3][ADB] Checking app cert for C:\Users\zorem\.appium\node_modules\appium-uiautomator2-driver\node_modules\appium-uiautomator2-server\apks\appium-uiautomator2-server-v5.12.16.apk
2025-08-26 19:30:52:165 [d73f22d3][ADB] Checking app cert for C:\Users\zorem\.appium\node_modules\appium-uiautomator2-driver\node_modules\appium-uiautomator2-server\apks\appium-uiautomator2-server-debug-androidTest.apk
2025-08-26 19:30:52:176 [d73f22d3][ADB] Using 'apksigner.jar' from 'C:\Users\zorem\AppData\Local\Android\Sdk\build-tools\33.0.0\lib\apksigner.jar'
2025-08-26 19:30:52:177 [d73f22d3][ADB] Starting apksigner: C:\\Users\\zorem\\.jdks\\openjdk-18.0.2\\bin\\java.exe -Xmx1024M -Xss1m -jar C:\\Users\\zorem\\AppData\\Local\\Android\\Sdk\\build-tools\\33.0.0\\lib\\apksigner.jar verify --print-certs C:\\Users\\zorem\\.appium\\node_modules\\appium-uiautomator2-driver\\node_modules\\appium-uiautomator2-server\\apks\\appium-uiautomator2-server-debug-androidTest.apk
2025-08-26 19:30:52:312 [d73f22d3][ADB] Starting apksigner: C:\\Users\\zorem\\.jdks\\openjdk-18.0.2\\bin\\java.exe -Xmx1024M -Xss1m -jar C:\\Users\\zorem\\AppData\\Local\\Android\\Sdk\\build-tools\\33.0.0\\lib\\apksigner.jar verify --print-certs C:\\Users\\zorem\\.appium\\node_modules\\appium-uiautomator2-driver\\node_modules\\appium-uiautomator2-server\\apks\\appium-uiautomator2-server-v5.12.16.apk
2025-08-26 19:30:53:096 [d73f22d3][ADB] apksigner stdout: Signer #1 certificate DN: EMAILADDRESS=android@android.com, CN=Android, OU=Android, O=Android, L=Mountain View, ST=California, C=US
2025-08-26 19:30:53:096 [d73f22d3][ADB] Signer #1 certificate SHA-256 digest: a40da80a59d170caa950cf15c18c454d47a39b26989d8b640ecd745ba71bf5dc
2025-08-26 19:30:53:097 [d73f22d3][ADB] Signer #1 certificate SHA-1 digest: 61ed377e85d386a8dfee6b864bd85b0bfaa5af81
2025-08-26 19:30:53:097 [d73f22d3][ADB] Signer #1 certificate MD5 digest: e89b158e4bcf988ebd09eb83f5378e87
2025-08-26 19:30:53:097 [d73f22d3][ADB] 
2025-08-26 19:30:53:110 [d73f22d3][ADB] sha256 hash did match for 'appium-uiautomator2-server-debug-androidTest.apk'
2025-08-26 19:30:53:111 [d73f22d3][ADB] 'C:\Users\zorem\.appium\node_modules\appium-uiautomator2-driver\node_modules\appium-uiautomator2-server\apks\appium-uiautomator2-server-debug-androidTest.apk' is signed with the default certificate
2025-08-26 19:30:53:112 [d73f22d3][ADB] Getting install status for io.appium.uiautomator2.server.test
2025-08-26 19:30:53:112 [d73f22d3][ADB] Running 'C:\Users\zorem\AppData\Local\Android\Sdk\platform-tools\adb.exe -P 5037 -s emulator-5554 shell pm path io.appium.uiautomator2.server.test'
2025-08-26 19:30:53:273 [d73f22d3][ADB] 'io.appium.uiautomator2.server.test' is installed
2025-08-26 19:30:53:942 [d73f22d3][ADB] apksigner stdout: Signer #1 certificate DN: EMAILADDRESS=android@android.com, CN=Android, OU=Android, O=Android, L=Mountain View, ST=California, C=US
2025-08-26 19:30:53:942 [d73f22d3][ADB] Signer #1 certificate SHA-256 digest: a40da80a59d170caa950cf15c18c454d47a39b26989d8b640ecd745ba71bf5dc
2025-08-26 19:30:53:942 [d73f22d3][ADB] Signer #1 certificate SHA-1 digest: 61ed377e85d386a8dfee6b864bd85b0bfaa5af81
2025-08-26 19:30:53:942 [d73f22d3][ADB] Signer #1 certificate MD5 digest: e89b158e4bcf988ebd09eb83f5378e87
2025-08-26 19:30:53:943 [d73f22d3][ADB] 
2025-08-26 19:30:53:943 [d73f22d3][ADB] sha256 hash did match for 'appium-uiautomator2-server-v5.12.16.apk'
2025-08-26 19:30:53:943 [d73f22d3][ADB] 'C:\Users\zorem\.appium\node_modules\appium-uiautomator2-driver\node_modules\appium-uiautomator2-server\apks\appium-uiautomator2-server-v5.12.16.apk' is signed with the default certificate
2025-08-26 19:30:53:943 [d73f22d3][ADB] Getting package info for 'io.appium.uiautomator2.server'
2025-08-26 19:30:53:943 [d73f22d3][ADB] Running 'C:\Users\zorem\AppData\Local\Android\Sdk\platform-tools\adb.exe -P 5037 -s emulator-5554 shell dumpsys package io.appium.uiautomator2.server'
2025-08-26 19:30:55:261 [d73f22d3][ADB] The version name of the installed 'io.appium.uiautomator2.server' is greater or equal to the application version name ('5.12.16' >= '5.12.16')
2025-08-26 19:30:55:261 [d73f22d3][38;5;-157m[AndroidUiautomator2Driver@beb3] Server packages status: [{"wasSigned":true,"installState":"sameVersionInstalled","appPath":"C:\\Users\\zorem\\.appium\\node_modules\\appium-uiautomator2-driver\\node_modules\\appium-uiautomator2-server\\apks\\appium-uiautomator2-server-v5.12.16.apk","appId":"io.appium.uiautomator2.server"},{"wasSigned":true,"installState":"sameVersionInstalled","appPath":"C:\\Users\\zorem\\.appium\\node_modules\\appium-uiautomator2-driver\\node_modules\\appium-uiautomator2-server\\apks\\appium-uiautomator2-server-debug-androidTest.apk","appId":"io.appium.uiautomator2.server.test"}]
2025-08-26 19:30:55:262 [d73f22d3][38;5;-157m[AndroidUiautomator2Driver@beb3] Server packages are not going to be (re)installed
2025-08-26 19:30:55:264 [d73f22d3][38;5;-157m[AndroidUiautomator2Driver@beb3] Waiting up to 30000ms for services to be available
2025-08-26 19:30:55:264 [d73f22d3][ADB] Running 'C:\Users\zorem\AppData\Local\Android\Sdk\platform-tools\adb.exe -P 5037 -s emulator-5554 shell pm list instrumentation'
2025-08-26 19:30:55:348 [d73f22d3][38;5;-157m[AndroidUiautomator2Driver@beb3] Instrumentation target 'io.appium.uiautomator2.server.test/androidx.test.runner.AndroidJUnitRunner' is available
2025-08-26 19:30:55:350 [d73f22d3][ADB] Adding packages ["io.appium.settings","io.appium.uiautomator2.server","io.appium.uiautomator2.server.test"] to Doze whitelist
2025-08-26 19:30:55:351 [d73f22d3][ADB] Got the following command chunks to execute: [["dumpsys","deviceidle","whitelist","+io.appium.settings",";","dumpsys","deviceidle","whitelist","+io.appium.uiautomator2.server",";","dumpsys","deviceidle","whitelist","+io.appium.uiautomator2.server.test",";"]]
2025-08-26 19:30:55:351 [d73f22d3][ADB] Running 'C:\Users\zorem\AppData\Local\Android\Sdk\platform-tools\adb.exe -P 5037 -s emulator-5554 shell dumpsys deviceidle whitelist +io.appium.settings ; dumpsys deviceidle whitelist +io.appium.uiautomator2.server ; dumpsys deviceidle whitelist +io.appium.uiautomator2.server.test ;'
2025-08-26 19:30:55:509 [d73f22d3][38;5;-157m[AndroidUiautomator2Driver@beb3] No app capability. Assuming it is already on the device
2025-08-26 19:30:55:509 [d73f22d3][ADB] Getting install status for com.instagram.android
2025-08-26 19:30:55:509 [d73f22d3][ADB] Running 'C:\Users\zorem\AppData\Local\Android\Sdk\platform-tools\adb.exe -P 5037 -s emulator-5554 shell pm path com.instagram.android'
2025-08-26 19:30:55:587 [d73f22d3][ADB] 'com.instagram.android' is installed
2025-08-26 19:30:55:587 [d73f22d3][ADB] Running 'C:\Users\zorem\AppData\Local\Android\Sdk\platform-tools\adb.exe -P 5037 -s emulator-5554 shell am force-stop com.instagram.android'
2025-08-26 19:30:55:716 [d73f22d3][ADB] Running 'C:\Users\zorem\AppData\Local\Android\Sdk\platform-tools\adb.exe -P 5037 -s emulator-5554 shell pm clear com.instagram.android'
2025-08-26 19:30:56:966 [d73f22d3][ADB] Running 'C:\Users\zorem\AppData\Local\Android\Sdk\platform-tools\adb.exe -P 5037 -s emulator-5554 shell dumpsys package com.instagram.android'
2025-08-26 19:30:57:763 [d73f22d3][ADB] Retrieving requested permissions
2025-08-26 19:30:57:768 [d73f22d3][ADB] Retrieved 104 permissions from requested group
2025-08-26 19:30:57:768 [d73f22d3][ADB] Retrieving granted permissions
2025-08-26 19:30:57:770 [d73f22d3][ADB] Retrieved 25 permissions from install,runtime groups
2025-08-26 19:30:57:771 [d73f22d3][ADB] Granting permissions ["android.permission.GET_ACCOUNTS","android.permission.CAMERA","android.permission.READ_CONTACTS","android.permission.ACCESS_FINE_LOCATION","android.permission.RECORD_AUDIO","android.permission.READ_EXTERNAL_STORAGE","android.permission.READ_MEDIA_IMAGES","android.permission.READ_MEDIA_VIDEO","android.permission.READ_MEDIA_VISUAL_USER_SELECTED","android.permission.WRITE_EXTERNAL_STORAGE","android.permission.ACCESS_MEDIA_LOCATION","android.permission.POST_NOTIFICATIONS","android.permission.READ_PHONE_STATE","android.permission.READ_PHONE_NUMBERS","android.permission.READ_BASIC_PHONE_STATE","android.permission.ANSWER_PHONE_CALLS","android.permission.READ_CALL_LOG","android.launcher.permission.CHANGE_BADGE","android.permission.UPDATE_APP_BADGE","android.permission.WRITE_CALENDAR","android.permission.FOREGROUND_SERVICE_DATA_SYNC","android.permission.FOREGROUND_SERVICE_MEDIA_PLAYBACK","android.permission.ACCESS_ADSERVICES_ATTRIBUTION","android.permission.ACCESS_ADSERVICES_AD_ID","android.permission.FOREGROUND_SERVICE_PHONE_CALL","android.permission.FOREGROUND_SERVICE_MICROPHONE","android.permission.RUN_USER_INITIATED_JOBS","android.permission.CREDENTIAL_MANAGER_SET_ALLOWED_PROVIDERS","android.permission.BLUETOOTH_CONNECT","android.permission.MEDIA_PROJECTION","android.permission.FOREGROUND_SERVICE_MEDIA_PROJECTION","android.permission.CAPTURE_VIDEO_OUTPUT","android.permission.CALL_PHONE","android.permission.FOREGROUND_SERVICE_LOCATION","android.permission.FOREGROUND_SERVICE_CAMERA","android.permission.FOREGROUND_SERVICE_CONNECTED_DEVICE","android.permission.ACCESS_COARSE_LOCATION","android.permission.CAPTURE_VIDEO_OUTPUT","android.permission.READ_CALL_LOG","android.permission.ACCESS_FINE_LOCATION","android.permission.ANSWER_PHONE_CALLS","android.permission.READ_PHONE_NUMBERS","android.permission.BLUETOOTH_CONNECT","android.permission.READ_EXTERNAL_STORAGE","android.permission.ACCESS_COARSE_LOCATION","android.permission.READ_PHONE_STATE","android.permission.CALL_PHONE","android.permission.CAMERA","android.permission.WRITE_CALENDAR","android.permission.GET_ACCOUNTS","android.permission.WRITE_EXTERNAL_STORAGE","android.permission.RECORD_AUDIO","android.permission.READ_CONTACTS","android.permission.ACCESS_MEDIA_LOCATION"] to 'com.instagram.android'
2025-08-26 19:30:57:771 [d73f22d3][ADB] Got the following command chunks to execute: [["pm","grant","com.instagram.android","android.permission.GET_ACCOUNTS",";","pm","grant","com.instagram.android","android.permission.CAMERA",";","pm","grant","com.instagram.android","android.permission.READ_CONTACTS",";","pm","grant","com.instagram.android","android.permission.ACCESS_FINE_LOCATION",";","pm","grant","com.instagram.android","android.permission.RECORD_AUDIO",";","pm","grant","com.instagram.android","android.permission.READ_EXTERNAL_STORAGE",";","pm","grant","com.instagram.android","android.permission.READ_MEDIA_IMAGES",";","pm","grant","com.instagram.android","android.permission.READ_MEDIA_VIDEO",";","pm","grant","com.instagram.android","android.permission.READ_MEDIA_VISUAL_USER_SELECTED",";","pm","grant","com.instagram.android","android.permission.WRITE_EXTERNAL_STORAGE",";","pm","grant","com.instagram.android","android.permission.ACCESS_MEDIA_LOCATION",";","pm","grant","com.instagram.android","android.permission.POST_NOTIFICATIONS",";","pm","grant","com.instagram.android","android.permission.READ_PHONE_STATE",";","pm","grant","com.instagram.android","android.permission.READ_PHONE_NUMBERS",";"],["pm","grant","com.instagram.android","android.permission.READ_BASIC_PHONE_STATE",";","pm","grant","com.instagram.android","android.permission.ANSWER_PHONE_CALLS",";","pm","grant","com.instagram.android","android.permission.READ_CALL_LOG",";","pm","grant","com.instagram.android","android.launcher.permission.CHANGE_BADGE",";","pm","grant","com.instagram.android","android.permission.UPDATE_APP_BADGE",";","pm","grant","com.instagram.android","android.permission.WRITE_CALENDAR",";","pm","grant","com.instagram.android","android.permission.FOREGROUND_SERVICE_DATA_SYNC",";","pm","grant","com.instagram.android","android.permission.FOREGROUND_SERVICE_MEDIA_PLAYBACK",";","pm","grant","com.instagram.android","android.permission.ACCESS_ADSERVICES_ATTRIBUTION",";","pm","grant","com.instagram.android","android.permission.ACCESS_ADSERVICES_AD_ID",";","pm","grant","com.instagram.android","android.permission.FOREGROUND_SERVICE_PHONE_CALL",";","pm","grant","com.instagram.android","android.permission.FOREGROUND_SERVICE_MICROPHONE",";","pm","grant","com.instagram.android","android.permission.RUN_USER_INITIATED_JOBS",";"],["pm","grant","com.instagram.android","android.permission.CREDENTIAL_MANAGER_SET_ALLOWED_PROVIDERS",";","pm","grant","com.instagram.android","android.permission.BLUETOOTH_CONNECT",";","pm","grant","com.instagram.android","android.permission.MEDIA_PROJECTION",";","pm","grant","com.instagram.android","android.permission.FOREGROUND_SERVICE_MEDIA_PROJECTION",";","pm","grant","com.instagram.android","android.permission.CAPTURE_VIDEO_OUTPUT",";","pm","grant","com.instagram.android","android.permission.CALL_PHONE",";","pm","grant","com.instagram.android","android.permission.FOREGROUND_SERVICE_LOCATION",";","pm","grant","com.instagram.android","android.permission.FOREGROUND_SERVICE_CAMERA",";","pm","grant","com.instagram.android","android.permission.FOREGROUND_SERVICE_CONNECTED_DEVICE",";","pm","grant","com.instagram.android","android.permission.ACCESS_COARSE_LOCATION",";","pm","grant","com.instagram.android","android.permission.CAPTURE_VIDEO_OUTPUT",";","pm","grant","com.instagram.android","android.permission.READ_CALL_LOG",";","pm","grant","com.instagram.android","android.permission.ACCESS_FINE_LOCATION",";"],["pm","grant","com.instagram.android","android.permission.ANSWER_PHONE_CALLS",";","pm","grant","com.instagram.android","android.permission.READ_PHONE_NUMBERS",";","pm","grant","com.instagram.android","android.permission.BLUETOOTH_CONNECT",";","pm","grant","com.instagram.android","android.permission.READ_EXTERNAL_STORAGE",";","pm","grant","com.instagram.android","android.permission.ACCESS_COARSE_LOCATION",";","pm","grant","com.instagram.android","android.permission.READ_PHONE_STATE",";","pm","grant","com.instagram.android","android.permission.CALL_PHONE",";","pm","grant","com.instagram.android","android.permission.CAMERA",";","pm","grant","com.instagram.android","android.permission.WRITE_CALENDAR",";","pm","grant","com.instagram.android","android.permission.GET_ACCOUNTS",";","pm","grant","com.instagram.android","android.permission.WRITE_EXTERNAL_STORAGE",";","pm","grant","com.instagram.android","android.permission.RECORD_AUDIO",";","pm","grant","com.instagram.android","android.permission.READ_CONTACTS",";","pm","grant","com.instagram.android","android.permission.ACCESS_MEDIA_LOCATION",";"]]
2025-08-26 19:30:57:771 [d73f22d3][ADB] Running 'C:\Users\zorem\AppData\Local\Android\Sdk\platform-tools\adb.exe -P 5037 -s emulator-5554 shell pm grant com.instagram.android android.permission.GET_ACCOUNTS ; pm grant com.instagram.android android.permission.CAMERA ; pm grant com.instagram.android android.permission.READ_CONTACTS ; pm grant com.instagram.android android.permission.ACCESS_FINE_LOCATION ; pm grant com.instagram.android android.permission.RECORD_AUDIO ; pm grant com.instagram.android android.permission.READ_EXTERNAL_STORAGE ; pm grant com.instagram.android android.permission.READ_MEDIA_IMAGES ; pm grant com.instagram.android android.permission.READ_MEDIA_VIDEO ; pm grant com.instagram.android android.permission.READ_MEDIA_VISUAL_USER_SELECTED ; pm grant com.instagram.android android.permission.WRITE_EXTERNAL_STORAGE ; pm grant com.instagram.android android.permission.ACCESS_MEDIA_LOCATION ; pm grant com.instagram.android android.permission.POST_NOTIFICATIONS ; pm grant com.instagram.android android.permission.READ_PHONE_STATE ; pm grant com.instagram.android android.permission.READ_PHONE_NUMBERS ;'
2025-08-26 19:30:58:386 [d73f22d3][ADB] Running 'C:\Users\zorem\AppData\Local\Android\Sdk\platform-tools\adb.exe -P 5037 -s emulator-5554 shell pm grant com.instagram.android android.permission.READ_BASIC_PHONE_STATE ; pm grant com.instagram.android android.permission.ANSWER_PHONE_CALLS ; pm grant com.instagram.android android.permission.READ_CALL_LOG ; pm grant com.instagram.android android.launcher.permission.CHANGE_BADGE ; pm grant com.instagram.android android.permission.UPDATE_APP_BADGE ; pm grant com.instagram.android android.permission.WRITE_CALENDAR ; pm grant com.instagram.android android.permission.FOREGROUND_SERVICE_DATA_SYNC ; pm grant com.instagram.android android.permission.FOREGROUND_SERVICE_MEDIA_PLAYBACK ; pm grant com.instagram.android android.permission.ACCESS_ADSERVICES_ATTRIBUTION ; pm grant com.instagram.android android.permission.ACCESS_ADSERVICES_AD_ID ; pm grant com.instagram.android android.permission.FOREGROUND_SERVICE_PHONE_CALL ; pm grant com.instagram.android android.permission.FOREGROUND_SERVICE_MICROPHONE ; pm grant com.instagram.android android.permission.RUN_USER_INITIATED_JOBS ;'
2025-08-26 19:30:59:772 [d73f22d3][ADB] Running 'C:\Users\zorem\AppData\Local\Android\Sdk\platform-tools\adb.exe -P 5037 -s emulator-5554 shell pm grant com.instagram.android android.permission.CREDENTIAL_MANAGER_SET_ALLOWED_PROVIDERS ; pm grant com.instagram.android android.permission.BLUETOOTH_CONNECT ; pm grant com.instagram.android android.permission.MEDIA_PROJECTION ; pm grant com.instagram.android android.permission.FOREGROUND_SERVICE_MEDIA_PROJECTION ; pm grant com.instagram.android android.permission.CAPTURE_VIDEO_OUTPUT ; pm grant com.instagram.android android.permission.CALL_PHONE ; pm grant com.instagram.android android.permission.FOREGROUND_SERVICE_LOCATION ; pm grant com.instagram.android android.permission.FOREGROUND_SERVICE_CAMERA ; pm grant com.instagram.android android.permission.FOREGROUND_SERVICE_CONNECTED_DEVICE ; pm grant com.instagram.android android.permission.ACCESS_COARSE_LOCATION ; pm grant com.instagram.android android.permission.CAPTURE_VIDEO_OUTPUT ; pm grant com.instagram.android android.permission.READ_CALL_LOG ; pm grant com.instagram.android android.permission.ACCESS_FINE_LOCATION ;'
2025-08-26 19:31:00:664 [d73f22d3][ADB] Running 'C:\Users\zorem\AppData\Local\Android\Sdk\platform-tools\adb.exe -P 5037 -s emulator-5554 shell pm grant com.instagram.android android.permission.ANSWER_PHONE_CALLS ; pm grant com.instagram.android android.permission.READ_PHONE_NUMBERS ; pm grant com.instagram.android android.permission.BLUETOOTH_CONNECT ; pm grant com.instagram.android android.permission.READ_EXTERNAL_STORAGE ; pm grant com.instagram.android android.permission.ACCESS_COARSE_LOCATION ; pm grant com.instagram.android android.permission.READ_PHONE_STATE ; pm grant com.instagram.android android.permission.CALL_PHONE ; pm grant com.instagram.android android.permission.CAMERA ; pm grant com.instagram.android android.permission.WRITE_CALENDAR ; pm grant com.instagram.android android.permission.GET_ACCOUNTS ; pm grant com.instagram.android android.permission.WRITE_EXTERNAL_STORAGE ; pm grant com.instagram.android android.permission.RECORD_AUDIO ; pm grant com.instagram.android android.permission.READ_CONTACTS ; pm grant com.instagram.android android.permission.ACCESS_MEDIA_LOCATION ;'
2025-08-26 19:31:01:989 [d73f22d3][AndroidDriver] Performed fast reset on the installed 'com.instagram.android' application (stop and clear)
2025-08-26 19:31:01:990 [d73f22d3][38;5;-157m[AndroidUiautomator2Driver@beb3] Performing shallow cleanup of automation leftovers
2025-08-26 19:31:02:023 [d73f22d3][38;5;-157m[AndroidUiautomator2Driver@beb3] No obsolete sessions have been detected (socket hang up)
2025-08-26 19:31:02:023 [d73f22d3][ADB] Running 'C:\Users\zorem\AppData\Local\Android\Sdk\platform-tools\adb.exe -P 5037 -s emulator-5554 shell am force-stop io.appium.uiautomator2.server.test'
2025-08-26 19:31:02:225 [d73f22d3][38;5;-157m[AndroidUiautomator2Driver@beb3] Starting UIAutomator2 server 5.12.16
2025-08-26 19:31:02:225 [d73f22d3][38;5;-157m[AndroidUiautomator2Driver@beb3] Using UIAutomator2 server from 'C:\Users\zorem\.appium\node_modules\appium-uiautomator2-driver\node_modules\appium-uiautomator2-server\apks\appium-uiautomator2-server-v5.12.16.apk' and test from 'C:\Users\zorem\.appium\node_modules\appium-uiautomator2-driver\node_modules\appium-uiautomator2-server\apks\appium-uiautomator2-server-debug-androidTest.apk'
2025-08-26 19:31:02:225 [d73f22d3][38;5;-157m[AndroidUiautomator2Driver@beb3] Waiting up to 30000ms for UiAutomator2 to be online...
2025-08-26 19:31:02:226 [d73f22d3][ADB] Creating ADB subprocess with args: ["-P","5037","-s","emulator-5554","shell","am","instrument","-w","-e","disableAnalytics","true","io.appium.uiautomator2.server.test/androidx.test.runner.AndroidJUnitRunner"]
2025-08-26 19:31:02:236 [d73f22d3][38;5;-157m[AndroidUiautomator2Driver@beb3] Matched '/status' to command name 'getStatus'
2025-08-26 19:31:02:238 [d73f22d3][38;5;-157m[AndroidUiautomator2Driver@beb3] Proxying [GET /status] to [GET http://127.0.0.1:8200/status] with no body
2025-08-26 19:31:02:323 [d73f22d3][38;5;-157m[AndroidUiautomator2Driver@beb3] socket hang up
2025-08-26 19:31:03:330 [d73f22d3][38;5;-157m[AndroidUiautomator2Driver@beb3] Matched '/status' to command name 'getStatus'
2025-08-26 19:31:03:331 [d73f22d3][38;5;-157m[AndroidUiautomator2Driver@beb3] Proxying [GET /status] to [GET http://127.0.0.1:8200/status] with no body
2025-08-26 19:31:03:342 [d73f22d3][38;5;-157m[AndroidUiautomator2Driver@beb3] socket hang up
2025-08-26 19:31:04:344 [d73f22d3][38;5;-157m[AndroidUiautomator2Driver@beb3] Matched '/status' to command name 'getStatus'
2025-08-26 19:31:04:345 [d73f22d3][38;5;-157m[AndroidUiautomator2Driver@beb3] Proxying [GET /status] to [GET http://127.0.0.1:8200/status] with no body
2025-08-26 19:31:04:351 [d73f22d3][38;5;-157m[AndroidUiautomator2Driver@beb3] socket hang up
2025-08-26 19:31:05:352 [d73f22d3][38;5;-157m[AndroidUiautomator2Driver@beb3] Matched '/status' to command name 'getStatus'
2025-08-26 19:31:05:352 [d73f22d3][38;5;-157m[AndroidUiautomator2Driver@beb3] Proxying [GET /status] to [GET http://127.0.0.1:8200/status] with no body
2025-08-26 19:31:05:358 [d73f22d3][38;5;-157m[AndroidUiautomator2Driver@beb3] socket hang up
2025-08-26 19:31:06:361 [d73f22d3][38;5;-157m[AndroidUiautomator2Driver@beb3] Matched '/status' to command name 'getStatus'
2025-08-26 19:31:06:362 [d73f22d3][38;5;-157m[AndroidUiautomator2Driver@beb3] Proxying [GET /status] to [GET http://127.0.0.1:8200/status] with no body
2025-08-26 19:31:06:368 [d73f22d3][38;5;-157m[AndroidUiautomator2Driver@beb3] socket hang up
2025-08-26 19:31:07:373 [d73f22d3][38;5;-157m[AndroidUiautomator2Driver@beb3] Matched '/status' to command name 'getStatus'
2025-08-26 19:31:07:373 [d73f22d3][38;5;-157m[AndroidUiautomator2Driver@beb3] Proxying [GET /status] to [GET http://127.0.0.1:8200/status] with no body
2025-08-26 19:31:07:381 [d73f22d3][38;5;-157m[AndroidUiautomator2Driver@beb3] socket hang up
2025-08-26 19:31:08:110 [d73f22d3][Instrumentation] io.appium.uiautomator2.server.test.AppiumUiAutomator2Server:
2025-08-26 19:31:08:386 [d73f22d3][38;5;-157m[AndroidUiautomator2Driver@beb3] Matched '/status' to command name 'getStatus'
2025-08-26 19:31:08:386 [d73f22d3][38;5;-157m[AndroidUiautomator2Driver@beb3] Proxying [GET /status] to [GET http://127.0.0.1:8200/status] with no body
2025-08-26 19:31:08:395 [d73f22d3][38;5;-157m[AndroidUiautomator2Driver@beb3] socket hang up
2025-08-26 19:31:09:397 [d73f22d3][38;5;-157m[AndroidUiautomator2Driver@beb3] Matched '/status' to command name 'getStatus'
2025-08-26 19:31:09:397 [d73f22d3][38;5;-157m[AndroidUiautomator2Driver@beb3] Proxying [GET /status] to [GET http://127.0.0.1:8200/status] with no body
2025-08-26 19:31:09:406 [d73f22d3][38;5;-157m[AndroidUiautomator2Driver@beb3] socket hang up
2025-08-26 19:31:10:422 [d73f22d3][38;5;-157m[AndroidUiautomator2Driver@beb3] Matched '/status' to command name 'getStatus'
2025-08-26 19:31:10:422 [d73f22d3][38;5;-157m[AndroidUiautomator2Driver@beb3] Proxying [GET /status] to [GET http://127.0.0.1:8200/status] with no body
2025-08-26 19:31:10:434 [d73f22d3][38;5;-157m[AndroidUiautomator2Driver@beb3] socket hang up
2025-08-26 19:31:11:443 [d73f22d3][38;5;-157m[AndroidUiautomator2Driver@beb3] Matched '/status' to command name 'getStatus'
2025-08-26 19:31:11:443 [d73f22d3][38;5;-157m[AndroidUiautomator2Driver@beb3] Proxying [GET /status] to [GET http://127.0.0.1:8200/status] with no body
2025-08-26 19:31:11:452 [d73f22d3][38;5;-157m[AndroidUiautomator2Driver@beb3] socket hang up
2025-08-26 19:31:12:461 [d73f22d3][38;5;-157m[AndroidUiautomator2Driver@beb3] Matched '/status' to command name 'getStatus'
2025-08-26 19:31:12:462 [d73f22d3][38;5;-157m[AndroidUiautomator2Driver@beb3] Proxying [GET /status] to [GET http://127.0.0.1:8200/status] with no body
2025-08-26 19:31:12:485 [d73f22d3][38;5;-157m[AndroidUiautomator2Driver@beb3] socket hang up
2025-08-26 19:31:13:487 [d73f22d3][38;5;-157m[AndroidUiautomator2Driver@beb3] Matched '/status' to command name 'getStatus'
2025-08-26 19:31:13:487 [d73f22d3][38;5;-157m[AndroidUiautomator2Driver@beb3] Proxying [GET /status] to [GET http://127.0.0.1:8200/status] with no body
2025-08-26 19:31:14:444 [d73f22d3][38;5;-157m[AndroidUiautomator2Driver@beb3] Got response with status 200: {"sessionId":"None","value":{"message":"UiAutomator2 Server is ready to accept commands","ready":true}}
2025-08-26 19:31:14:445 [d73f22d3][38;5;-157m[AndroidUiautomator2Driver@beb3] The initialization of the instrumentation process took 12220ms
2025-08-26 19:31:14:446 [d73f22d3][38;5;-157m[AndroidUiautomator2Driver@beb3] Matched '/session' to command name 'createSession'
2025-08-26 19:31:14:446 [d73f22d3][38;5;-157m[AndroidUiautomator2Driver@beb3] Proxying [POST /session] to [POST http://127.0.0.1:8200/session] with body: {"capabilities":{"firstMatch":[{"platformName":"Android","automationName":"UiAutomator2","deviceName":"emulator-5554","platformVersion":"12","udid":"emulator-5554","appPackage":"com.instagram.android","appActivity":".activity.MainTabActivity","autoGrantPermissions":true,"platform":"LINUX","webStorageEnabled":false,"takesScreenshot":true,"javascriptEnabled":true,"databaseEnabled":false,"networkConnectionEnabled":true,"locationContextEnabled":false,"warnings":{},"desired":{"platformName":"Android","automationName":"UiAutomator2","deviceName":"Nexus_5_API_31_Clone1","platformVersion":"12","udid":"emulator-5554","appPackage":"com.instagram.android","appActivity":".activity.MainTabActivity","autoGrantPermissions":true},"deviceUDID":"emulator-5554"}],"alwaysMatch":{}}}
2025-08-26 19:31:14:535 [d73f22d3][38;5;-157m[AndroidUiautomator2Driver@beb3] Got response with status 200: {"sessionId":"d3447483-897b-4ae0-8fc8-61a4afe3fda2","value":{"capabilities":{"firstMatch":[{"platformName":"Android","automationName":"UiAutomator2","deviceName":"emulator-5554","platformVersion":"12","udid":"emulator-5554","appPackage":"com.instagram.android","appActivity":".activity.MainTabActivity","autoGrantPermissions":true,"platform":"LINUX","webStorageEnabled":false,"takesScreenshot":true,"javascriptEnabled":true,"databaseEnabled":false,"networkConnectionEnabled":true,"locationContextEnabled":false,"warnings":{},"desired":{"platformName":"Android","automationName":"UiAutomator2","deviceName":"Nexus_5_API_31_Clone1","platformVersion":"12","udid":"emulator-5554","appPackage":"com.instagram.android","appActivity":".activity.MainTabActivity","autoGrantPermissions":true},"deviceUDID":"emulator-5554"}],"alwaysMatch":{}},"sessionId":"d3447483-897b-4ae0-8fc8-61a4afe3fda2"}}
2025-08-26 19:31:14:535 [d73f22d3][38;5;-157m[AndroidUiautomator2Driver@beb3] Determined the downstream protocol as 'W3C'
2025-08-26 19:31:14:565 [d73f22d3][38;5;-157m[AndroidUiautomator2Driver@beb3] Proxying [GET /appium/device/pixel_ratio] to [GET http://127.0.0.1:8200/session/d3447483-897b-4ae0-8fc8-61a4afe3fda2/appium/device/pixel_ratio] with no body
2025-08-26 19:31:14:568 [d73f22d3][38;5;-157m[AndroidUiautomator2Driver@beb3] Matched '/appium/device/system_bars' to command name 'getSystemBars'
2025-08-26 19:31:14:569 [d73f22d3][38;5;-157m[AndroidUiautomator2Driver@beb3] Proxying [GET /appium/device/system_bars] to [GET http://127.0.0.1:8200/session/d3447483-897b-4ae0-8fc8-61a4afe3fda2/appium/device/system_bars] with no body
2025-08-26 19:31:14:570 [d73f22d3][38;5;-157m[AndroidUiautomator2Driver@beb3] Matched '/window/current/size' to command name 'getWindowSize'
2025-08-26 19:31:14:571 [d73f22d3][38;5;-157m[AndroidUiautomator2Driver@beb3] Proxying [GET /window/current/size] to [GET http://127.0.0.1:8200/session/d3447483-897b-4ae0-8fc8-61a4afe3fda2/window/current/size] with no body
2025-08-26 19:31:14:579 [d73f22d3][38;5;-157m[AndroidUiautomator2Driver@beb3] Proxying [GET /appium/device/info] to [GET http://127.0.0.1:8200/session/d3447483-897b-4ae0-8fc8-61a4afe3fda2/appium/device/info] with no body
2025-08-26 19:31:14:581 [d73f22d3][ADB] Running 'C:\Users\zorem\AppData\Local\Android\Sdk\platform-tools\adb.exe -P 5037 -s emulator-5554 shell dumpsys window'
2025-08-26 19:31:14:602 [d73f22d3][38;5;-157m[AndroidUiautomator2Driver@beb3] Got response with status 200: {"sessionId":"d3447483-897b-4ae0-8fc8-61a4afe3fda2","value":3}
2025-08-26 19:31:14:657 [d73f22d3][38;5;-157m[AndroidUiautomator2Driver@beb3] Got response with status 200: {"sessionId":"d3447483-897b-4ae0-8fc8-61a4afe3fda2","value":{"statusBar":72}}
2025-08-26 19:31:14:659 [d73f22d3][38;5;-157m[AndroidUiautomator2Driver@beb3] Got response with status 200: {"sessionId":"d3447483-897b-4ae0-8fc8-61a4afe3fda2","value":{"height":1776,"width":1080}}
2025-08-26 19:31:14:771 [d73f22d3][38;5;-157m[AndroidUiautomator2Driver@beb3] Got response with status 200: {"sessionId":"d3447483-897b-4ae0-8fc8-61a4afe3fda2","value":{"androidId":"446ed9c5904fa0d2","apiVersion":"31","bluetooth":{"state":"ON"},"brand":"google","carrierName":"T-Mobile","displayDensity":480,"locale":"en_US","manufacturer":"Google","model":"sdk_gphone64_x86_64","networks":[{"capabilities":{"SSID":null,"linkDownBandwidthKbps":47000,"linkUpstreamBandwidthKbps":18000,"networkCapabilities":"NET_CAPABILITY_MMS,NET_CAPABILITY_SUPL,NET_CAPABILITY_DUN,NET_CAPABILITY_FOTA,NET_CAPABILITY_IMS,NET_CAPABILITY_CBS,NET_CAPABILITY_INTERNET,NET_CAPABILITY_NOT_RESTRICTED,NET_CAPABILITY_TRUSTED,NET_CAPABILITY_NOT_VPN,NET_CAPABILITY_VALIDATED,NET_CAPABILITY_NOT_ROAMING,NET_CAPABILITY_FOREGROUND,NET_CAPABILITY_NOT_CONGESTED,NET_CAPABILITY_NOT_SUSPENDED","signalStrength":-2147483648,"transportTypes":"TRANSPORT_CELLULAR"},"detailedState":"CONNECTED","extraInfo":"epc.tmobile.com","isAvailable":true,"isConnected":true,"isFailover":false,"isRoaming":false,"state":"CONNECTED","subtype":13,"subtypeName":"LTE","type":0,"typeN...
2025-08-26 19:31:15:061 [d73f22d3][AndroidDriver] Screen already unlocked, doing nothing
2025-08-26 19:31:15:062 [d73f22d3][38;5;-157m[AndroidUiautomator2Driver@beb3] Starting 'com.instagram.android/.activity.MainTabActivity and waiting for 'com.instagram.android/.activity.MainTabActivity'
2025-08-26 19:31:15:063 [d73f22d3][ADB] Running 'C:\Users\zorem\AppData\Local\Android\Sdk\platform-tools\adb.exe -P 5037 -s emulator-5554 shell am start -W -n com.instagram.android/.activity.MainTabActivity -S -a android.intent.action.MAIN -c android.intent.category.LAUNCHER -f 0x10200000'
2025-08-26 19:31:25:141 [d73f22d3][AppiumDriver@4cf8] New AndroidUiautomator2Driver session created successfully, session d73f22d3-6aaa-4323-b6fa-a505e3267670 added to master session list
2025-08-26 19:31:25:142 [d73f22d3][AppiumDriver@4cf8] Event 'newSessionStarted' logged at 1756236685142 (14:31:25 GMT-0500 (hora estándar de Perú))
2025-08-26 19:31:25:143 [d73f22d3][38;5;-157m[AndroidUiautomator2Driver@beb3] Cached the protocol value 'W3C' for the new session d73f22d3-6aaa-4323-b6fa-a505e3267670
2025-08-26 19:31:25:143 [d73f22d3][38;5;-157m[AndroidUiautomator2Driver@beb3] Responding to client with driver.createSession() result: {"capabilities":{"platformName":"Android","automationName":"UiAutomator2","deviceName":"emulator-5554","platformVersion":"12","udid":"emulator-5554","appPackage":"com.instagram.android","appActivity":".activity.MainTabActivity","autoGrantPermissions":true,"platform":"LINUX","webStorageEnabled":false,"takesScreenshot":true,"javascriptEnabled":true,"databaseEnabled":false,"networkConnectionEnabled":true,"locationContextEnabled":false,"warnings":{},"desired":{"platformName":"Android","automationName":"UiAutomator2","deviceName":"Nexus_5_API_31_Clone1","platformVersion":"12","udid":"emulator-5554","appPackage":"com.instagram.android","appActivity":".activity.MainTabActivity","autoGrantPermissions":true},"deviceUDID":"emulator-5554","pixelRatio":"3","statBarHeight":72,"viewportRect":{"left":0,"top":72,"width":1080,"height":1704},"deviceApiLevel":31,"deviceManufacturer":"Google","deviceModel":"sdk_gphone64_x86_64","deviceScreenSize":"1080x1920","deviceScreenDensity":480}}
2025-08-26 19:31:25:147 [d73f22d3][HTTP] <-- POST /session 200 35467 ms - 1041 
2025-08-26 19:31:35:369 [d73f22d3][Instrumentation] s_glBindAttribLocation: bind attrib 0 name position
s_glBindAttribLocation: bind attrib 1 name localCoord
2025-08-26 19:32:25:157 [d73f22d3][38;5;-157m[AndroidUiautomator2Driver@beb3] Shutting down because we waited 60 seconds for a command
2025-08-26 19:32:25:158 [d73f22d3][AppiumDriver@4cf8] Ending session, cause was 'New Command Timeout of 60 seconds expired. Try customizing the timeout using the 'newCommandTimeout' desired capability'
2025-08-26 19:32:25:158 [d73f22d3][AppiumDriver@4cf8] Removing session 'd73f22d3-6aaa-4323-b6fa-a505e3267670' from our master session list
2025-08-26 19:32:25:158 [d73f22d3][38;5;-157m[AndroidUiautomator2Driver@beb3] Deleting UiAutomator2 session
2025-08-26 19:32:25:159 [d73f22d3][38;5;-157m[AndroidUiautomator2Driver@beb3] Deleting UiAutomator2 server session
2025-08-26 19:32:25:159 [d73f22d3][38;5;-157m[AndroidUiautomator2Driver@beb3] Matched '/' to command name 'deleteSession'
2025-08-26 19:32:25:159 [d73f22d3][38;5;-157m[AndroidUiautomator2Driver@beb3] Proxying [DELETE /] to [DELETE http://127.0.0.1:8200/session/d3447483-897b-4ae0-8fc8-61a4afe3fda2] with no body
2025-08-26 19:32:25:189 [d73f22d3][38;5;-157m[AndroidUiautomator2Driver@beb3] Got response with status 200: {"sessionId":"d3447483-897b-4ae0-8fc8-61a4afe3fda2","value":null}
2025-08-26 19:32:25:190 [d73f22d3][ADB] Running 'C:\Users\zorem\AppData\Local\Android\Sdk\platform-tools\adb.exe -P 5037 -s emulator-5554 shell dumpsys activity services io.appium.settings/.recorder.RecorderService'
2025-08-26 19:32:25:194 [d73f22d3][ADB] Running 'C:\Users\zorem\AppData\Local\Android\Sdk\platform-tools\adb.exe -P 5037 -s emulator-5554 shell am force-stop com.instagram.android'
2025-08-26 19:32:25:412 [d73f22d3][Instrumentation] .
2025-08-26 19:32:25:520 [d73f22d3][Logcat] Stopping logcat capture
2025-08-26 19:32:25:524 [d73f22d3][ADB] Removing forwarded port socket connection: 8200 
2025-08-26 19:32:25:525 [d73f22d3][ADB] Running 'C:\Users\zorem\AppData\Local\Android\Sdk\platform-tools\adb.exe -P 5037 -s emulator-5554 forward --remove tcp:8200'
2025-08-26 19:32:25:551 [d73f22d3][38;5;-157m[AndroidUiautomator2Driver@beb3] Restoring hidden api policy to the device default configuration
2025-08-26 19:32:25:551 [d73f22d3][ADB] Running 'C:\Users\zorem\AppData\Local\Android\Sdk\platform-tools\adb.exe -P 5037 -s emulator-5554 shell 'settings delete global hidden_api_policy_pre_p_apps;settings delete global hidden_api_policy_p_apps;settings delete global hidden_api_policy''
2025-08-26 19:32:25:682 [d73f22d3][Instrumentation] Time: 77.329

OK (1 test)
2025-08-26 19:32:25:722 [d73f22d3][Instrumentation] The process has exited with code 0
2025-08-26 19:32:27:494 [d73f22d3][HTTP] --> POST /session/d73f22d3-6aaa-4323-b6fa-a505e3267670/execute/sync {"script":"mobile: terminateApp","args":[{"appId":"com.instagram.android","bundleId":"com.instagram.android"}]}
2025-08-26 19:32:27:512 [d73f22d3][AppiumDriver@4cf8] Encountered internal error running command: NoSuchDriverError: A session is either terminated or not started
    at asyncHandler (C:\Users\zorem\AppData\Roaming\npm\node_modules\appium\node_modules\@appium\base-driver\lib\protocol\protocol.js:309:15)
    at C:\Users\zorem\AppData\Roaming\npm\node_modules\appium\node_modules\@appium\base-driver\lib\protocol\protocol.js:512:15
    at Layer.handle [as handle_request] (C:\Users\zorem\AppData\Roaming\npm\node_modules\appium\node_modules\express\lib\router\layer.js:95:5)
    at next (C:\Users\zorem\AppData\Roaming\npm\node_modules\appium\node_modules\express\lib\router\route.js:149:13)
    at Route.dispatch (C:\Users\zorem\AppData\Roaming\npm\node_modules\appium\node_modules\express\lib\router\route.js:119:3)
    at Layer.handle [as handle_request] (C:\Users\zorem\AppData\Roaming\npm\node_modules\appium\node_modules\express\lib\router\layer.js:95:5)
    at C:\Users\zorem\AppData\Roaming\npm\node_modules\appium\node_modules\express\lib\router\index.js:284:15
    at param (C:\Users\zorem\AppData\Roaming\npm\node_modules\appium\node_modules\express\lib\router\index.js:365:14)
    at param (C:\Users\zorem\AppData\Roaming\npm\node_modules\appium\node_modules\express\lib\router\index.js:376:14)
    at Function.process_params (C:\Users\zorem\AppData\Roaming\npm\node_modules\appium\node_modules\express\lib\router\index.js:421:3)
    at next (C:\Users\zorem\AppData\Roaming\npm\node_modules\appium\node_modules\express\lib\router\index.js:280:10)
    at logger (C:\Users\zorem\AppData\Roaming\npm\node_modules\appium\node_modules\morgan\index.js:144:5)
    at Layer.handle [as handle_request] (C:\Users\zorem\AppData\Roaming\npm\node_modules\appium\node_modules\express\lib\router\layer.js:95:5)
    at trim_prefix (C:\Users\zorem\AppData\Roaming\npm\node_modules\appium\node_modules\express\lib\router\index.js:328:13)
    at C:\Users\zorem\AppData\Roaming\npm\node_modules\appium\node_modules\express\lib\router\index.js:286:9
    at Function.process_params (C:\Users\zorem\AppData\Roaming\npm\node_modules\appium\node_modules\express\lib\router\index.js:346:12)
    at next (C:\Users\zorem\AppData\Roaming\npm\node_modules\appium\node_modules\express\lib\router\index.js:280:10)
    at C:\Users\zorem\AppData\Roaming\npm\node_modules\appium\node_modules\body-parser\lib\read.js:137:5
    at AsyncResource.runInAsyncScope (node:async_hooks:206:9)
    at invokeCallback (C:\Users\zorem\AppData\Roaming\npm\node_modules\appium\node_modules\raw-body\index.js:238:16)
    at done (C:\Users\zorem\AppData\Roaming\npm\node_modules\appium\node_modules\raw-body\index.js:227:7)
    at IncomingMessage.onEnd (C:\Users\zorem\AppData\Roaming\npm\node_modules\appium\node_modules\raw-body\index.js:287:7)
2025-08-26 19:32:27:513 [d73f22d3][HTTP] <-- POST /session/d73f22d3-6aaa-4323-b6fa-a505e3267670/execute/sync 404 19 ms - 3089 
2025-08-26 19:32:27:517 [d73f22d3][HTTP] --> POST /session/d73f22d3-6aaa-4323-b6fa-a505e3267670/appium/start_recording_screen {"options":{"timeLimit":"120","bitRate":4000000,"videoSize":"720x1280"}}
2025-08-26 19:32:27:520 [d73f22d3][AppiumDriver@4cf8] Encountered internal error running command: NoSuchDriverError: A session is either terminated or not started
    at asyncHandler (C:\Users\zorem\AppData\Roaming\npm\node_modules\appium\node_modules\@appium\base-driver\lib\protocol\protocol.js:309:15)
    at C:\Users\zorem\AppData\Roaming\npm\node_modules\appium\node_modules\@appium\base-driver\lib\protocol\protocol.js:512:15
    at Layer.handle [as handle_request] (C:\Users\zorem\AppData\Roaming\npm\node_modules\appium\node_modules\express\lib\router\layer.js:95:5)
    at next (C:\Users\zorem\AppData\Roaming\npm\node_modules\appium\node_modules\express\lib\router\route.js:149:13)
    at Route.dispatch (C:\Users\zorem\AppData\Roaming\npm\node_modules\appium\node_modules\express\lib\router\route.js:119:3)
    at Layer.handle [as handle_request] (C:\Users\zorem\AppData\Roaming\npm\node_modules\appium\node_modules\express\lib\router\layer.js:95:5)
    at C:\Users\zorem\AppData\Roaming\npm\node_modules\appium\node_modules\express\lib\router\index.js:284:15
    at param (C:\Users\zorem\AppData\Roaming\npm\node_modules\appium\node_modules\express\lib\router\index.js:365:14)
    at param (C:\Users\zorem\AppData\Roaming\npm\node_modules\appium\node_modules\express\lib\router\index.js:376:14)
    at Function.process_params (C:\Users\zorem\AppData\Roaming\npm\node_modules\appium\node_modules\express\lib\router\index.js:421:3)
    at next (C:\Users\zorem\AppData\Roaming\npm\node_modules\appium\node_modules\express\lib\router\index.js:280:10)
    at logger (C:\Users\zorem\AppData\Roaming\npm\node_modules\appium\node_modules\morgan\index.js:144:5)
    at Layer.handle [as handle_request] (C:\Users\zorem\AppData\Roaming\npm\node_modules\appium\node_modules\express\lib\router\layer.js:95:5)
    at trim_prefix (C:\Users\zorem\AppData\Roaming\npm\node_modules\appium\node_modules\express\lib\router\index.js:328:13)
    at C:\Users\zorem\AppData\Roaming\npm\node_modules\appium\node_modules\express\lib\router\index.js:286:9
    at Function.process_params (C:\Users\zorem\AppData\Roaming\npm\node_modules\appium\node_modules\express\lib\router\index.js:346:12)
    at next (C:\Users\zorem\AppData\Roaming\npm\node_modules\appium\node_modules\express\lib\router\index.js:280:10)
    at C:\Users\zorem\AppData\Roaming\npm\node_modules\appium\node_modules\body-parser\lib\read.js:137:5
    at AsyncResource.runInAsyncScope (node:async_hooks:206:9)
    at invokeCallback (C:\Users\zorem\AppData\Roaming\npm\node_modules\appium\node_modules\raw-body\index.js:238:16)
    at done (C:\Users\zorem\AppData\Roaming\npm\node_modules\appium\node_modules\raw-body\index.js:227:7)
    at IncomingMessage.onEnd (C:\Users\zorem\AppData\Roaming\npm\node_modules\appium\node_modules\raw-body\index.js:287:7)
2025-08-26 19:32:27:522 [d73f22d3][HTTP] <-- POST /session/d73f22d3-6aaa-4323-b6fa-a505e3267670/appium/start_recording_screen 404 5 ms - 3089 
2025-08-26 19:32:27:525 [d73f22d3][HTTP] --> DELETE /session/d73f22d3-6aaa-4323-b6fa-a505e3267670 {}
2025-08-26 19:32:27:527 [d73f22d3][AppiumDriver@4cf8] Encountered internal error running command: NoSuchDriverError: A session is either terminated or not started
    at asyncHandler (C:\Users\zorem\AppData\Roaming\npm\node_modules\appium\node_modules\@appium\base-driver\lib\protocol\protocol.js:309:15)
    at C:\Users\zorem\AppData\Roaming\npm\node_modules\appium\node_modules\@appium\base-driver\lib\protocol\protocol.js:512:15
    at Layer.handle [as handle_request] (C:\Users\zorem\AppData\Roaming\npm\node_modules\appium\node_modules\express\lib\router\layer.js:95:5)
    at next (C:\Users\zorem\AppData\Roaming\npm\node_modules\appium\node_modules\express\lib\router\route.js:149:13)
    at Route.dispatch (C:\Users\zorem\AppData\Roaming\npm\node_modules\appium\node_modules\express\lib\router\route.js:119:3)
    at Layer.handle [as handle_request] (C:\Users\zorem\AppData\Roaming\npm\node_modules\appium\node_modules\express\lib\router\layer.js:95:5)
    at C:\Users\zorem\AppData\Roaming\npm\node_modules\appium\node_modules\express\lib\router\index.js:284:15
    at param (C:\Users\zorem\AppData\Roaming\npm\node_modules\appium\node_modules\express\lib\router\index.js:365:14)
    at param (C:\Users\zorem\AppData\Roaming\npm\node_modules\appium\node_modules\express\lib\router\index.js:376:14)
    at Function.process_params (C:\Users\zorem\AppData\Roaming\npm\node_modules\appium\node_modules\express\lib\router\index.js:421:3)
    at next (C:\Users\zorem\AppData\Roaming\npm\node_modules\appium\node_modules\express\lib\router\index.js:280:10)
    at logger (C:\Users\zorem\AppData\Roaming\npm\node_modules\appium\node_modules\morgan\index.js:144:5)
    at Layer.handle [as handle_request] (C:\Users\zorem\AppData\Roaming\npm\node_modules\appium\node_modules\express\lib\router\layer.js:95:5)
    at trim_prefix (C:\Users\zorem\AppData\Roaming\npm\node_modules\appium\node_modules\express\lib\router\index.js:328:13)
    at C:\Users\zorem\AppData\Roaming\npm\node_modules\appium\node_modules\express\lib\router\index.js:286:9
    at Function.process_params (C:\Users\zorem\AppData\Roaming\npm\node_modules\appium\node_modules\express\lib\router\index.js:346:12)
    at next (C:\Users\zorem\AppData\Roaming\npm\node_modules\appium\node_modules\express\lib\router\index.js:280:10)
    at jsonParser (C:\Users\zorem\AppData\Roaming\npm\node_modules\appium\node_modules\body-parser\lib\types\json.js:113:7)
    at Layer.handle [as handle_request] (C:\Users\zorem\AppData\Roaming\npm\node_modules\appium\node_modules\express\lib\router\layer.js:95:5)
    at trim_prefix (C:\Users\zorem\AppData\Roaming\npm\node_modules\appium\node_modules\express\lib\router\index.js:328:13)
    at C:\Users\zorem\AppData\Roaming\npm\node_modules\appium\node_modules\express\lib\router\index.js:286:9
    at Function.process_params (C:\Users\zorem\AppData\Roaming\npm\node_modules\appium\node_modules\express\lib\router\index.js:346:12)
2025-08-26 19:32:27:528 [d73f22d3][HTTP] <-- DELETE /session/d73f22d3-6aaa-4323-b6fa-a505e3267670 404 2 ms - 3231 
